2024-07-09 16:38:46	09HW007998			0	LPContabilidadTest_Ado653799.exe - LPContabilidad - v.8.2.0 - 28 jun 2024, PC: 09HW007998, User: 2207299, pid:19788
2024-07-09 16:38:46	09HW007998			0	SetDbSecurity: Seg=False, C:\Users\2207299\source\repos\Software ACT 8.2\Software\Contabilidad70\Datos\LPContab.mdb, Error 3031, No es una contraseña válida.
2024-07-09 16:38:46	09HW007998			0	Versión DB: MS Access Jet 3.x; - 3.0
2024-07-09 16:38:46	09HW007998			0	Register: PC='09HW007998', Usr='2207299', oPid=-1, Pid=19788, in=True
2024-07-09 16:38:46	09HW007998			0	Register: nCon=0, Max=1
2024-07-09 16:38:46	09HW007998			0	Registered?: PC='09HW007998', Usr='2207299', oPid=19788, Pid=19788, ni=False, usr='', PathTb: ''
2024-07-09 16:38:48	09HW007998			0	Main: DM: False => False - False
2024-07-09 16:38:50	09HW007998	administ	99999999	2024	SetDbSecurity: Seg=False, C:\Users\2207299\source\repos\Software ACT 8.2\Software\Contabilidad70\Datos\Empresas\2024\99999999.mdb, Error 3031, No es una contraseña válida.
2024-07-09 16:38:50	09HW007998	administ	99999999	2024	ExecSql: bMsg=False, ; Error 3375, La tabla 'ParamEmpresa' ya tiene un índice llamado 'IdxEmpresa'.Error 3375, La tabla 'ParamEmpresa' ya tiene un índice llamado 'IdxEmpresa'. (Source: DAO.Database, topic: 5003375); [CREATE INDEX IdxEmpresa ON ParamEmpresa (IdEmpresa, Ano) ] [Dec=1.234,56-True]
2024-07-09 16:38:50	09HW007998	administ	99999999	2024	SetDbSecurity: Seg=False, C:\Users\2207299\source\repos\Software ACT 8.2\Software\Contabilidad70\Datos\Empresas\2024\99999999.mdb, Error 3621, No se puede cambiar la contraseña en una base de datos compartida abierta.
2024-07-09 16:38:52	09HW007998	administ	99999999	2024	SetDbSecurity: Seg=False, C:\Users\2207299\source\repos\Software ACT 8.2\Software\Contabilidad70\Datos\Empresas\2024\99999999.mdb, Error 3621, No se puede cambiar la contraseña en una base de datos compartida abierta.
2024-07-09 16:38:58	09HW007998	administ	99999999	2024	Calendar: Hs_Fecha.visible=True, bLockMonth=False, x=120, y=2280, w=2055, h=255
2024-07-09 16:39:10	09HW007998	administ	99999999	2024	Calendar: Hs_Fecha.visible=True, bLockMonth=False, x=120, y=2280, w=2055, h=255
2024-07-09 16:39:52	09HW007998	administ	99999999	2024	Registered?: PC='09HW007998', Usr='2207299', oPid=19788, Pid=19788, ni=False, usr='', PathTb: 'C:\Users\2207299\source\repos\Software ACT 8.2\Software\Contabilidad70\Datos\LPContab.mdb'
2024-07-09 16:40:52	09HW007998	administ	99999999	2024	Registered?: PC='09HW007998', Usr='2207299', oPid=19788, Pid=19788, ni=False, usr='', PathTb: 'C:\Users\2207299\source\repos\Software ACT 8.2\Software\Contabilidad70\Datos\LPContab.mdb'
2024-07-09 16:41:52	09HW007998	administ	99999999	2024	Registered?: PC='09HW007998', Usr='2207299', oPid=19788, Pid=19788, ni=False, usr='', PathTb: 'C:\Users\2207299\source\repos\Software ACT 8.2\Software\Contabilidad70\Datos\LPContab.mdb'
2024-07-09 16:42:52	09HW007998	administ	99999999	2024	Registered?: PC='09HW007998', Usr='2207299', oPid=19788, Pid=19788, ni=False, usr='', PathTb: 'C:\Users\2207299\source\repos\Software ACT 8.2\Software\Contabilidad70\Datos\LPContab.mdb'
2024-07-09 16:43:52	09HW007998	administ	99999999	2024	Registered?: PC='09HW007998', Usr='2207299', oPid=19788, Pid=19788, ni=False, usr='', PathTb: 'C:\Users\2207299\source\repos\Software ACT 8.2\Software\Contabilidad70\Datos\LPContab.mdb'
2024-07-09 16:44:52	09HW007998	administ	99999999	2024	Registered?: PC='09HW007998', Usr='2207299', oPid=19788, Pid=19788, ni=False, usr='', PathTb: 'C:\Users\2207299\source\repos\Software ACT 8.2\Software\Contabilidad70\Datos\LPContab.mdb'
2024-07-09 16:45:52	09HW007998	administ	99999999	2024	Registered?: PC='09HW007998', Usr='2207299', oPid=19788, Pid=19788, ni=False, usr='', PathTb: 'C:\Users\2207299\source\repos\Software ACT 8.2\Software\Contabilidad70\Datos\LPContab.mdb'
2024-07-09 16:46:52	09HW007998	administ	99999999	2024	Registered?: PC='09HW007998', Usr='2207299', oPid=19788, Pid=19788, ni=False, usr='', PathTb: 'C:\Users\2207299\source\repos\Software ACT 8.2\Software\Contabilidad70\Datos\LPContab.mdb'
2024-07-09 16:47:52	09HW007998	administ	99999999	2024	Registered?: PC='09HW007998', Usr='2207299', oPid=19788, Pid=19788, ni=False, usr='', PathTb: 'C:\Users\2207299\source\repos\Software ACT 8.2\Software\Contabilidad70\Datos\LPContab.mdb'
2024-07-09 16:48:23	09HW007998	administ	99999999	2024	Unregister: PC='09HW007998', Usr='2207299', From:1, Pid=19788
2024-07-10 11:39:57	09HW007998			0	LPContabilidadTest_Ado658243.exe - LPContabilidad - v.8.2.0 - 10 jul 2024, PC: 09HW007998, User: 2207299, pid:19856
2024-07-10 11:39:57	09HW007998			0	SetDbSecurity: No se pudo quitar/poner clave a la base de datos, C:\Users\2207299\source\repos\Software ACT 8.2\Software\Contabilidad70\Datos\LPContab.mdb, Error 3356, Ha intentado abrir una base de datos que ya está abierta por el usuario 'Admin' en la máquina '09HW007998' en modo exclusivo. Inténtelo de nuevo cuando la base de datos esté disponible.
2024-07-10 11:39:57	09HW007998			0	Versión DB: MS Access Jet 3.x; - 3.0
2024-07-10 11:39:57	09HW007998			0	Register: PC='09HW007998', Usr='2207299', oPid=13068, Pid=19856, in=False
2024-07-10 11:39:59	09HW007998			0	Registered?: PC='09HW007998', Usr='2207299', oPid=19856, Pid=19856, ni=False, usr='', PathTb: ''
2024-07-10 11:40:00	09HW007998			0	Main: DM: False => False - False
2024-07-10 11:40:08	09HW007998	administ	76302471	2023	SetDbSecurity: No se pudo quitar/poner clave a la base de datos, C:\Users\2207299\source\repos\Software ACT 8.2\Software\Contabilidad70\Datos\Empresas\2023\76302471.mdb, Error 3356, Ha intentado abrir una base de datos que ya está abierta por el usuario 'admin' en la máquina '09HW007998' en modo exclusivo. Inténtelo de nuevo cuando la base de datos esté disponible.
2024-07-10 11:40:08	09HW007998	administ	76302471	2023	ExecSql: bMsg=False, ; Error 3375, La tabla 'ParamEmpresa' ya tiene un índice llamado 'IdxEmpresa'.Error 3375, La tabla 'ParamEmpresa' ya tiene un índice llamado 'IdxEmpresa'. (Source: DAO.Database, topic: 5003375); [CREATE INDEX IdxEmpresa ON ParamEmpresa (IdEmpresa, Ano) ] [Dec=1.234,56-True]
2024-07-10 11:40:08	09HW007998	administ	76302471	2023	SetDbSecurity: Seg=False, C:\Users\2207299\source\repos\Software ACT 8.2\Software\Contabilidad70\Datos\Empresas\2022\76302471.mdb, Error 3031, No es una contraseña válida.
2024-07-10 11:40:08	09HW007998	administ	76302471	2023	SetDbSecurity: No se pudo quitar/poner clave a la base de datos, C:\Users\2207299\source\repos\Software ACT 8.2\Software\Contabilidad70\Datos\Empresas\2023\76302471.mdb, Error 3356, Ha intentado abrir una base de datos que ya está abierta por el usuario 'admin' en la máquina '09HW007998' en modo exclusivo. Inténtelo de nuevo cuando la base de datos esté disponible.
2024-07-10 11:40:09	09HW007998	administ	76302471	2023	SetDbSecurity: Seg=False, C:\Users\2207299\source\repos\Software ACT 8.2\Software\Contabilidad70\Datos\Empresas\2022\76302471.mdb, Error 3031, No es una contraseña válida.
2024-07-10 11:40:09	09HW007998	administ	76302471	2023	ExecSql: bMsg=False, ; Error 3375, La tabla 'ParamEmpresa' ya tiene un índice llamado 'IdxEmpresa'.Error 3375, La tabla 'ParamEmpresa' ya tiene un índice llamado 'IdxEmpresa'. (Source: DAO.Database, topic: 5003375); [CREATE INDEX IdxEmpresa ON ParamEmpresa (IdEmpresa, Ano) ] [Dec=1.234,56-True]
2024-07-10 11:40:09	09HW007998	administ	76302471	2023	SetDbSecurity: No se pudo quitar/poner clave a la base de datos, C:\Users\2207299\source\repos\Software ACT 8.2\Software\Contabilidad70\Datos\Empresas\2023\76302471.mdb, Error 3356, Ha intentado abrir una base de datos que ya está abierta por el usuario 'admin' en la máquina '09HW007998' en modo exclusivo. Inténtelo de nuevo cuando la base de datos esté disponible.
2024-07-10 11:40:09	09HW007998	administ	76302471	2023	SetDbSecurity: Seg=False, C:\Users\2207299\source\repos\Software ACT 8.2\Software\Contabilidad70\Datos\Empresas\2023\76302471.mdb, Error 3621, No se puede cambiar la contraseña en una base de datos compartida abierta.
2024-07-10 11:41:09	09HW007998	administ	76302471	2023	Registered?: PC='09HW007998', Usr='2207299', oPid=19856, Pid=19856, ni=False, usr='', PathTb: 'C:\Users\2207299\source\repos\Software ACT 8.2\Software\Contabilidad70\Datos\LPContab.mdb'
2024-07-10 11:42:09	09HW007998	administ	76302471	2023	Registered?: PC='09HW007998', Usr='2207299', oPid=19856, Pid=19856, ni=False, usr='', PathTb: 'C:\Users\2207299\source\repos\Software ACT 8.2\Software\Contabilidad70\Datos\LPContab.mdb'
2024-07-10 11:43:09	09HW007998	administ	76302471	2023	Registered?: PC='09HW007998', Usr='2207299', oPid=19856, Pid=19856, ni=False, usr='', PathTb: 'C:\Users\2207299\source\repos\Software ACT 8.2\Software\Contabilidad70\Datos\LPContab.mdb'
2024-07-10 11:44:09	09HW007998	administ	76302471	2023	Registered?: PC='09HW007998', Usr='2207299', oPid=19856, Pid=19856, ni=False, usr='', PathTb: 'C:\Users\2207299\source\repos\Software ACT 8.2\Software\Contabilidad70\Datos\LPContab.mdb'
2024-07-10 11:45:09	09HW007998	administ	76302471	2023	Registered?: PC='09HW007998', Usr='2207299', oPid=19856, Pid=19856, ni=False, usr='', PathTb: 'C:\Users\2207299\source\repos\Software ACT 8.2\Software\Contabilidad70\Datos\LPContab.mdb'
2024-07-10 11:46:09	09HW007998	administ	76302471	2023	Registered?: PC='09HW007998', Usr='2207299', oPid=19856, Pid=19856, ni=False, usr='', PathTb: 'C:\Users\2207299\source\repos\Software ACT 8.2\Software\Contabilidad70\Datos\LPContab.mdb'
2024-07-10 11:47:09	09HW007998	administ	76302471	2023	Registered?: PC='09HW007998', Usr='2207299', oPid=19856, Pid=19856, ni=False, usr='', PathTb: 'C:\Users\2207299\source\repos\Software ACT 8.2\Software\Contabilidad70\Datos\LPContab.mdb'
2024-07-10 11:48:09	09HW007998	administ	76302471	2023	Registered?: PC='09HW007998', Usr='2207299', oPid=19856, Pid=19856, ni=False, usr='', PathTb: 'C:\Users\2207299\source\repos\Software ACT 8.2\Software\Contabilidad70\Datos\LPContab.mdb'
2024-07-10 11:49:09	09HW007998	administ	76302471	2023	Registered?: PC='09HW007998', Usr='2207299', oPid=19856, Pid=19856, ni=False, usr='', PathTb: 'C:\Users\2207299\source\repos\Software ACT 8.2\Software\Contabilidad70\Datos\LPContab.mdb'
2024-07-10 11:50:09	09HW007998	administ	76302471	2023	Registered?: PC='09HW007998', Usr='2207299', oPid=19856, Pid=19856, ni=False, usr='', PathTb: 'C:\Users\2207299\source\repos\Software ACT 8.2\Software\Contabilidad70\Datos\LPContab.mdb'
2024-07-10 11:51:09	09HW007998	administ	76302471	2023	Registered?: PC='09HW007998', Usr='2207299', oPid=19856, Pid=19856, ni=False, usr='', PathTb: 'C:\Users\2207299\source\repos\Software ACT 8.2\Software\Contabilidad70\Datos\LPContab.mdb'
2024-07-10 11:52:09	09HW007998	administ	76302471	2023	Registered?: PC='09HW007998', Usr='2207299', oPid=19856, Pid=19856, ni=False, usr='', PathTb: 'C:\Users\2207299\source\repos\Software ACT 8.2\Software\Contabilidad70\Datos\LPContab.mdb'
2024-07-10 11:53:09	09HW007998	administ	76302471	2023	Registered?: PC='09HW007998', Usr='2207299', oPid=19856, Pid=19856, ni=False, usr='', PathTb: 'C:\Users\2207299\source\repos\Software ACT 8.2\Software\Contabilidad70\Datos\LPContab.mdb'
2024-07-10 11:54:09	09HW007998	administ	76302471	2023	Registered?: PC='09HW007998', Usr='2207299', oPid=19856, Pid=19856, ni=False, usr='', PathTb: 'C:\Users\2207299\source\repos\Software ACT 8.2\Software\Contabilidad70\Datos\LPContab.mdb'
2024-07-10 11:55:09	09HW007998	administ	76302471	2023	Registered?: PC='09HW007998', Usr='2207299', oPid=19856, Pid=19856, ni=False, usr='', PathTb: 'C:\Users\2207299\source\repos\Software ACT 8.2\Software\Contabilidad70\Datos\LPContab.mdb'
2024-07-10 11:56:09	09HW007998	administ	76302471	2023	Registered?: PC='09HW007998', Usr='2207299', oPid=19856, Pid=19856, ni=False, usr='', PathTb: 'C:\Users\2207299\source\repos\Software ACT 8.2\Software\Contabilidad70\Datos\LPContab.mdb'
2024-07-10 11:57:09	09HW007998	administ	76302471	2023	Registered?: PC='09HW007998', Usr='2207299', oPid=19856, Pid=19856, ni=False, usr='', PathTb: 'C:\Users\2207299\source\repos\Software ACT 8.2\Software\Contabilidad70\Datos\LPContab.mdb'
2024-07-10 11:58:09	09HW007998	administ	76302471	2023	Registered?: PC='09HW007998', Usr='2207299', oPid=19856, Pid=19856, ni=False, usr='', PathTb: 'C:\Users\2207299\source\repos\Software ACT 8.2\Software\Contabilidad70\Datos\LPContab.mdb'
2024-07-10 11:59:09	09HW007998	administ	76302471	2023	Registered?: PC='09HW007998', Usr='2207299', oPid=19856, Pid=19856, ni=False, usr='', PathTb: 'C:\Users\2207299\source\repos\Software ACT 8.2\Software\Contabilidad70\Datos\LPContab.mdb'
2024-07-10 12:00:09	09HW007998	administ	76302471	2023	Registered?: PC='09HW007998', Usr='2207299', oPid=19856, Pid=19856, ni=False, usr='', PathTb: 'C:\Users\2207299\source\repos\Software ACT 8.2\Software\Contabilidad70\Datos\LPContab.mdb'
2024-07-10 12:01:09	09HW007998	administ	76302471	2023	Registered?: PC='09HW007998', Usr='2207299', oPid=19856, Pid=19856, ni=False, usr='', PathTb: 'C:\Users\2207299\source\repos\Software ACT 8.2\Software\Contabilidad70\Datos\LPContab.mdb'
2024-07-10 12:02:09	09HW007998	administ	76302471	2023	Registered?: PC='09HW007998', Usr='2207299', oPid=19856, Pid=19856, ni=False, usr='', PathTb: 'C:\Users\2207299\source\repos\Software ACT 8.2\Software\Contabilidad70\Datos\LPContab.mdb'
2024-07-10 12:03:09	09HW007998	administ	76302471	2023	Registered?: PC='09HW007998', Usr='2207299', oPid=19856, Pid=19856, ni=False, usr='', PathTb: 'C:\Users\2207299\source\repos\Software ACT 8.2\Software\Contabilidad70\Datos\LPContab.mdb'
2024-07-10 12:04:09	09HW007998	administ	76302471	2023	Registered?: PC='09HW007998', Usr='2207299', oPid=19856, Pid=19856, ni=False, usr='', PathTb: 'C:\Users\2207299\source\repos\Software ACT 8.2\Software\Contabilidad70\Datos\LPContab.mdb'
2024-07-10 12:05:09	09HW007998	administ	76302471	2023	Registered?: PC='09HW007998', Usr='2207299', oPid=19856, Pid=19856, ni=False, usr='', PathTb: 'C:\Users\2207299\source\repos\Software ACT 8.2\Software\Contabilidad70\Datos\LPContab.mdb'
2024-07-10 12:06:09	09HW007998	administ	76302471	2023	Registered?: PC='09HW007998', Usr='2207299', oPid=19856, Pid=19856, ni=False, usr='', PathTb: 'C:\Users\2207299\source\repos\Software ACT 8.2\Software\Contabilidad70\Datos\LPContab.mdb'
2024-07-10 12:07:09	09HW007998	administ	76302471	2023	Registered?: PC='09HW007998', Usr='2207299', oPid=19856, Pid=19856, ni=False, usr='', PathTb: 'C:\Users\2207299\source\repos\Software ACT 8.2\Software\Contabilidad70\Datos\LPContab.mdb'
2024-07-10 12:08:09	09HW007998	administ	76302471	2023	Registered?: PC='09HW007998', Usr='2207299', oPid=19856, Pid=19856, ni=False, usr='', PathTb: 'C:\Users\2207299\source\repos\Software ACT 8.2\Software\Contabilidad70\Datos\LPContab.mdb'
2024-07-10 12:09:09	09HW007998	administ	76302471	2023	Registered?: PC='09HW007998', Usr='2207299', oPid=19856, Pid=19856, ni=False, usr='', PathTb: 'C:\Users\2207299\source\repos\Software ACT 8.2\Software\Contabilidad70\Datos\LPContab.mdb'
2024-07-10 12:10:09	09HW007998	administ	76302471	2023	Registered?: PC='09HW007998', Usr='2207299', oPid=19856, Pid=19856, ni=False, usr='', PathTb: 'C:\Users\2207299\source\repos\Software ACT 8.2\Software\Contabilidad70\Datos\LPContab.mdb'
2024-07-10 12:11:09	09HW007998	administ	76302471	2023	Registered?: PC='09HW007998', Usr='2207299', oPid=19856, Pid=19856, ni=False, usr='', PathTb: 'C:\Users\2207299\source\repos\Software ACT 8.2\Software\Contabilidad70\Datos\LPContab.mdb'
2024-07-10 12:12:09	09HW007998	administ	76302471	2023	Registered?: PC='09HW007998', Usr='2207299', oPid=19856, Pid=19856, ni=False, usr='', PathTb: 'C:\Users\2207299\source\repos\Software ACT 8.2\Software\Contabilidad70\Datos\LPContab.mdb'
2024-07-10 12:13:09	09HW007998	administ	76302471	2023	Registered?: PC='09HW007998', Usr='2207299', oPid=19856, Pid=19856, ni=False, usr='', PathTb: 'C:\Users\2207299\source\repos\Software ACT 8.2\Software\Contabilidad70\Datos\LPContab.mdb'
2024-07-10 12:14:09	09HW007998	administ	76302471	2023	Registered?: PC='09HW007998', Usr='2207299', oPid=19856, Pid=19856, ni=False, usr='', PathTb: 'C:\Users\2207299\source\repos\Software ACT 8.2\Software\Contabilidad70\Datos\LPContab.mdb'
2024-07-10 12:15:09	09HW007998	administ	76302471	2023	Registered?: PC='09HW007998', Usr='2207299', oPid=19856, Pid=19856, ni=False, usr='', PathTb: 'C:\Users\2207299\source\repos\Software ACT 8.2\Software\Contabilidad70\Datos\LPContab.mdb'
2024-07-10 12:16:09	09HW007998	administ	76302471	2023	Registered?: PC='09HW007998', Usr='2207299', oPid=19856, Pid=19856, ni=False, usr='', PathTb: 'C:\Users\2207299\source\repos\Software ACT 8.2\Software\Contabilidad70\Datos\LPContab.mdb'
2024-07-10 12:17:09	09HW007998	administ	76302471	2023	Registered?: PC='09HW007998', Usr='2207299', oPid=19856, Pid=19856, ni=False, usr='', PathTb: 'C:\Users\2207299\source\repos\Software ACT 8.2\Software\Contabilidad70\Datos\LPContab.mdb'
2024-07-10 12:18:09	09HW007998	administ	76302471	2023	Registered?: PC='09HW007998', Usr='2207299', oPid=19856, Pid=19856, ni=False, usr='', PathTb: 'C:\Users\2207299\source\repos\Software ACT 8.2\Software\Contabilidad70\Datos\LPContab.mdb'
2024-07-10 12:19:09	09HW007998	administ	76302471	2023	Registered?: PC='09HW007998', Usr='2207299', oPid=19856, Pid=19856, ni=False, usr='', PathTb: 'C:\Users\2207299\source\repos\Software ACT 8.2\Software\Contabilidad70\Datos\LPContab.mdb'
2024-07-10 12:20:09	09HW007998	administ	76302471	2023	Registered?: PC='09HW007998', Usr='2207299', oPid=19856, Pid=19856, ni=False, usr='', PathTb: 'C:\Users\2207299\source\repos\Software ACT 8.2\Software\Contabilidad70\Datos\LPContab.mdb'
2024-07-10 12:21:09	09HW007998	administ	76302471	2023	Registered?: PC='09HW007998', Usr='2207299', oPid=19856, Pid=19856, ni=False, usr='', PathTb: 'C:\Users\2207299\source\repos\Software ACT 8.2\Software\Contabilidad70\Datos\LPContab.mdb'
2024-07-10 12:22:09	09HW007998	administ	76302471	2023	Registered?: PC='09HW007998', Usr='2207299', oPid=19856, Pid=19856, ni=False, usr='', PathTb: 'C:\Users\2207299\source\repos\Software ACT 8.2\Software\Contabilidad70\Datos\LPContab.mdb'
2024-07-10 12:23:09	09HW007998	administ	76302471	2023	Registered?: PC='09HW007998', Usr='2207299', oPid=19856, Pid=19856, ni=False, usr='', PathTb: 'C:\Users\2207299\source\repos\Software ACT 8.2\Software\Contabilidad70\Datos\LPContab.mdb'
2024-07-10 12:24:09	09HW007998	administ	76302471	2023	Registered?: PC='09HW007998', Usr='2207299', oPid=19856, Pid=19856, ni=False, usr='', PathTb: 'C:\Users\2207299\source\repos\Software ACT 8.2\Software\Contabilidad70\Datos\LPContab.mdb'
2024-07-10 12:25:09	09HW007998	administ	76302471	2023	Registered?: PC='09HW007998', Usr='2207299', oPid=19856, Pid=19856, ni=False, usr='', PathTb: 'C:\Users\2207299\source\repos\Software ACT 8.2\Software\Contabilidad70\Datos\LPContab.mdb'
2024-07-10 12:26:09	09HW007998	administ	76302471	2023	Registered?: PC='09HW007998', Usr='2207299', oPid=19856, Pid=19856, ni=False, usr='', PathTb: 'C:\Users\2207299\source\repos\Software ACT 8.2\Software\Contabilidad70\Datos\LPContab.mdb'
2024-07-10 12:27:09	09HW007998	administ	76302471	2023	Registered?: PC='09HW007998', Usr='2207299', oPid=19856, Pid=19856, ni=False, usr='', PathTb: 'C:\Users\2207299\source\repos\Software ACT 8.2\Software\Contabilidad70\Datos\LPContab.mdb'
2024-07-10 12:28:09	09HW007998	administ	76302471	2023	Registered?: PC='09HW007998', Usr='2207299', oPid=19856, Pid=19856, ni=False, usr='', PathTb: 'C:\Users\2207299\source\repos\Software ACT 8.2\Software\Contabilidad70\Datos\LPContab.mdb'
2024-07-10 12:29:09	09HW007998	administ	76302471	2023	Registered?: PC='09HW007998', Usr='2207299', oPid=19856, Pid=19856, ni=False, usr='', PathTb: 'C:\Users\2207299\source\repos\Software ACT 8.2\Software\Contabilidad70\Datos\LPContab.mdb'
2024-07-10 12:30:09	09HW007998	administ	76302471	2023	Registered?: PC='09HW007998', Usr='2207299', oPid=19856, Pid=19856, ni=False, usr='', PathTb: 'C:\Users\2207299\source\repos\Software ACT 8.2\Software\Contabilidad70\Datos\LPContab.mdb'
2024-07-10 12:31:09	09HW007998	administ	76302471	2023	Registered?: PC='09HW007998', Usr='2207299', oPid=19856, Pid=19856, ni=False, usr='', PathTb: 'C:\Users\2207299\source\repos\Software ACT 8.2\Software\Contabilidad70\Datos\LPContab.mdb'
2024-07-10 12:32:09	09HW007998	administ	76302471	2023	Registered?: PC='09HW007998', Usr='2207299', oPid=19856, Pid=19856, ni=False, usr='', PathTb: 'C:\Users\2207299\source\repos\Software ACT 8.2\Software\Contabilidad70\Datos\LPContab.mdb'
2024-07-10 12:33:09	09HW007998	administ	76302471	2023	Registered?: PC='09HW007998', Usr='2207299', oPid=19856, Pid=19856, ni=False, usr='', PathTb: 'C:\Users\2207299\source\repos\Software ACT 8.2\Software\Contabilidad70\Datos\LPContab.mdb'
2024-07-10 12:34:09	09HW007998	administ	76302471	2023	Registered?: PC='09HW007998', Usr='2207299', oPid=19856, Pid=19856, ni=False, usr='', PathTb: 'C:\Users\2207299\source\repos\Software ACT 8.2\Software\Contabilidad70\Datos\LPContab.mdb'
2024-07-10 12:35:09	09HW007998	administ	76302471	2023	Registered?: PC='09HW007998', Usr='2207299', oPid=19856, Pid=19856, ni=False, usr='', PathTb: 'C:\Users\2207299\source\repos\Software ACT 8.2\Software\Contabilidad70\Datos\LPContab.mdb'
2024-07-10 12:36:09	09HW007998	administ	76302471	2023	Registered?: PC='09HW007998', Usr='2207299', oPid=19856, Pid=19856, ni=False, usr='', PathTb: 'C:\Users\2207299\source\repos\Software ACT 8.2\Software\Contabilidad70\Datos\LPContab.mdb'
2024-07-10 12:37:09	09HW007998	administ	76302471	2023	Registered?: PC='09HW007998', Usr='2207299', oPid=19856, Pid=19856, ni=False, usr='', PathTb: 'C:\Users\2207299\source\repos\Software ACT 8.2\Software\Contabilidad70\Datos\LPContab.mdb'
2024-07-10 12:38:09	09HW007998	administ	76302471	2023	Registered?: PC='09HW007998', Usr='2207299', oPid=19856, Pid=19856, ni=False, usr='', PathTb: 'C:\Users\2207299\source\repos\Software ACT 8.2\Software\Contabilidad70\Datos\LPContab.mdb'
2024-07-10 12:38:51	09HW007998	administ	76302471	2023	Unregister: PC='09HW007998', Usr='2207299', From:1, Pid=19856
